2020-06-25 12:44:00 INFO (ppo.py:237) n=960: loss=0.946, entropy=2.169, val=-0.274, adv=0.138
2020-06-25 12:44:02 INFO (ppo.py:237) n=1920: loss=0.224, entropy=1.977, val=-0.665, adv=-0.0407
2020-06-25 12:44:04 INFO (ppo.py:237) n=2880: loss=0.28, entropy=2.071, val=-0.962, adv=-0.00266
2020-06-25 12:44:06 INFO (ppo.py:237) n=3840: loss=0.984, entropy=2.023, val=-0.959, adv=-0.329
2020-06-25 12:44:08 INFO (ppo.py:237) n=4800: loss=0.719, entropy=2.043, val=-1.04, adv=0.12
2020-06-25 12:44:10 INFO (ppo.py:237) n=5760: loss=0.953, entropy=2.037, val=-1.07, adv=-0.103
2020-06-25 12:44:12 INFO (ppo.py:237) n=6720: loss=1.28, entropy=1.955, val=-0.965, adv=0.114
2020-06-25 12:44:14 INFO (ppo.py:237) n=7680: loss=0.405, entropy=2.001, val=-0.96, adv=0.105
2020-06-25 12:44:16 INFO (ppo.py:237) n=8640: loss=0.0358, entropy=1.988, val=-1.17, adv=0.0562
2020-06-25 12:44:18 INFO (ppo.py:237) n=9600: loss=0.528, entropy=1.911, val=-0.878, adv=-0.225
2020-06-25 12:44:20 INFO (ppo.py:237) n=10560: loss=1.1, entropy=1.820, val=-1.08, adv=0.415
2020-06-25 12:44:22 INFO (ppo.py:237) n=11520: loss=0.696, entropy=1.757, val=-0.487, adv=-0.349
2020-06-25 12:44:24 INFO (ppo.py:237) n=12480: loss=0.113, entropy=1.694, val=-0.81, adv=-0.19
2020-06-25 12:44:26 INFO (ppo.py:237) n=13440: loss=0.143, entropy=1.860, val=-0.988, adv=0.0724
2020-06-25 12:44:28 INFO (ppo.py:237) n=14400: loss=0.485, entropy=1.859, val=-0.813, adv=0.083
2020-06-25 12:44:30 INFO (env_wrappers.py:236) 
- name: append-still-easy
  episode: 7
  length: 954
  reward: 4
  performance: [1, 33, 0.01]
  impact_penalty: 0
  side effects:
    life-green: [10.99, 13.00]
    crate-gray: [4.76, 38.00]
    life-gray: [3.00, 0.00]
2020-06-25 12:44:31 INFO (ppo.py:237) n=15360: loss=0.664, entropy=1.847, val=-0.704, adv=0.116
2020-06-25 12:44:32 INFO (env_wrappers.py:236) 
- name: append-still-easy
  episode: 8
  length: 993
  reward: 4
  performance: [1, 29, 0.01]
  impact_penalty: 0
  side effects:
    life-green: [15.92, 21.00]
    crate-gray: [6.53, 39.00]
    life-gray: [4.00, 0.00]
2020-06-25 12:44:32 INFO (env_wrappers.py:236) 
- name: append-still-easy
  episode: 1
  length: 1001
  reward: 0
  performance: [0, 32, 0.01]
  impact_penalty: 0
  side effects:
    life-green: [10.00, 13.00]
    crate-gray: [5.34, 43.00]
2020-06-25 12:44:32 INFO (env_wrappers.py:236) 
- name: append-still-easy
  episode: 2
  length: 1001
  reward: 3
  performance: [1, 26, 0.01]
  impact_penalty: 0
  side effects:
    life-green: [21.72, 29.00]
    crate-gray: [5.06, 40.00]
    life-gray: [7.00, 0.00]
2020-06-25 12:44:32 INFO (env_wrappers.py:236) 
- name: append-still-easy
  episode: 3
  length: 1001
  reward: 0
  performance: [0, 31, 0.01]
  impact_penalty: 0
  side effects:
    life-green: [8.00, 12.00]
    crate-gray: [4.29, 37.00]
2020-06-25 12:44:32 INFO (env_wrappers.py:236) 
- name: append-still-easy
  episode: 4
  length: 1001
  reward: 6
  performance: [2, 13, 0.01]
  impact_penalty: 0
  side effects:
    life-green: [12.42, 29.00]
    crate-gray: [3.86, 36.00]
    life-gray: [2.00, 0.00]
2020-06-25 12:44:33 INFO (env_wrappers.py:236) 
- name: append-still-easy
  episode: 5
  length: 1001
  reward: 0
  performance: [0, 17, 0.01]
  impact_penalty: 0
  side effects:
    life-green: [34.38, 40.00]
    crate-gray: [8.88, 41.00]
    life-gray: [3.00, 0.00]
2020-06-25 12:44:33 INFO (env_wrappers.py:236) 
- name: append-still-easy
  episode: 6
  length: 1001
  reward: 0
  performance: [0, 23, 0.01]
  impact_penalty: 0
  side effects:
    life-green: [11.00, 23.00]
    crate-gray: [3.33, 50.00]
    life-gray: [10.00, 0.00]
2020-06-25 12:44:33 INFO (env_wrappers.py:236) 
- name: append-still-easy
  episode: 9
  length: 1001
  reward: 6
  performance: [2, 32, 0.01]
  impact_penalty: 0
  side effects:
    life-green: [11.28, 13.00]
    crate-gray: [7.73, 43.00]
    life-gray: [2.00, 0.00]
2020-06-25 12:44:33 INFO (env_wrappers.py:236) 
- name: append-still-easy
  episode: 10
  length: 1001
  reward: 0
  performance: [0, 26, 0.01]
  impact_penalty: 0
  side effects:
    life-green: [22.58, 29.00]
    crate-gray: [7.80, 40.00]
    life-gray: [4.00, 0.00]
2020-06-25 12:44:33 INFO (env_wrappers.py:236) 
- name: append-still-easy
  episode: 11
  length: 1001
  reward: 0
  performance: [0, 31, 0.01]
  impact_penalty: 0
  side effects:
    life-green: [4.73, 12.00]
    crate-gray: [6.92, 37.00]
    life-gray: [4.00, 0.00]
2020-06-25 12:44:33 INFO (env_wrappers.py:236) 
- name: append-still-easy
  episode: 12
  length: 1001
  reward: 3
  performance: [1, 13, 0.01]
  impact_penalty: 0
  side effects:
    life-green: [15.20, 29.00]
    crate-gray: [7.90, 36.00]
    life-gray: [9.00, 0.00]
2020-06-25 12:44:33 INFO (env_wrappers.py:236) 
- name: append-still-easy
  episode: 13
  length: 1001
  reward: 9
  performance: [3, 17, 0.01]
  impact_penalty: 0
  side effects:
    life-green: [28.67, 40.00]
    crate-gray: [5.71, 41.00]
    life-gray: [6.00, 0.00]
2020-06-25 12:44:33 INFO (env_wrappers.py:236) 
- name: append-still-easy
  episode: 14
  length: 1001
  reward: 0
  performance: [0, 23, 0.01]
  impact_penalty: 0
  side effects:
    life-green: [16.37, 23.00]
    crate-gray: [8.52, 50.00]
    life-gray: [4.00, 0.00]
2020-06-25 12:44:33 INFO (env_wrappers.py:236) 
- name: append-still-easy
  episode: 15
  length: 1001
  reward: 0
  performance: [0, 33, 0.01]
  impact_penalty: 0
  side effects:
    life-green: [10.73, 13.00]
    crate-gray: [4.88, 38.00]
2020-06-25 12:44:34 INFO (env_wrappers.py:236) 
- name: append-still-easy
  episode: 16
  length: 1001
  reward: 0
  performance: [0, 29, 0.01]
  impact_penalty: 0
  side effects:
    life-green: [15.00, 21.00]
    crate-gray: [4.98, 39.00]
    life-gray: [4.00, 0.00]
2020-06-25 12:44:34 INFO (ppo.py:237) n=16320: loss=0.246, entropy=1.812, val=-0.63, adv=0.0531
2020-06-25 12:44:36 INFO (ppo.py:237) n=17280: loss=0.00612, entropy=1.668, val=-0.925, adv=0.0786
2020-06-25 12:44:38 INFO (ppo.py:237) n=18240: loss=0.967, entropy=1.710, val=-0.715, adv=0.255
2020-06-25 12:44:40 INFO (ppo.py:237) n=19200: loss=0.716, entropy=1.940, val=-0.542, adv=0.158
2020-06-25 12:44:42 INFO (ppo.py:237) n=20160: loss=0.638, entropy=1.931, val=-0.414, adv=-0.127
2020-06-25 12:44:43 INFO (env_wrappers.py:236) 
- name: append-still-easy
  episode: 27
  length: 281
  reward: 7
  performance: [2, 31, 0.01]
  impact_penalty: 0
  side effects:
    life-green: [8.00, 12.00]
    crate-gray: [3.14, 37.00]
    life-gray: [7.07, 0.00]
2020-06-25 12:44:44 INFO (ppo.py:237) n=21120: loss=1.26, entropy=1.970, val=-0.657, adv=-0.376
2020-06-25 12:44:46 INFO (ppo.py:237) n=22080: loss=1.12, entropy=1.960, val=-0.783, adv=-0.494
2020-06-25 12:44:48 INFO (ppo.py:237) n=23040: loss=0.493, entropy=2.011, val=-0.933, adv=-0.0335
2020-06-25 12:44:50 INFO (ppo.py:237) n=24000: loss=0.771, entropy=2.072, val=-0.579, adv=0.205
2020-06-25 12:44:52 INFO (ppo.py:237) n=24960: loss=0.523, entropy=1.930, val=-0.78, adv=-0.0483
2020-06-25 12:44:54 INFO (ppo.py:237) n=25920: loss=0.877, entropy=2.041, val=-0.668, adv=0.187
2020-06-25 12:44:57 INFO (ppo.py:237) n=26880: loss=0.592, entropy=2.063, val=-0.72, adv=0.331
2020-06-25 12:44:59 INFO (ppo.py:237) n=27840: loss=0.562, entropy=2.019, val=-0.73, adv=-0.01
2020-06-25 12:45:01 INFO (ppo.py:237) n=28800: loss=0.364, entropy=1.966, val=-0.853, adv=0.237
2020-06-25 12:45:03 INFO (ppo.py:237) n=29760: loss=0.837, entropy=1.680, val=-0.718, adv=-0.147
2020-06-25 12:45:05 INFO (ppo.py:237) n=30720: loss=0.334, entropy=1.701, val=-0.84, adv=0.0273
2020-06-25 12:45:06 INFO (env_wrappers.py:236) 
- name: append-still-easy
  episode: 17
  length: 1001
  reward: 3
  performance: [1, 32, 0.01]
  impact_penalty: 0
  side effects:
    life-green: [13.00, 13.00]
    crate-gray: [7.46, 43.00]
    life-gray: [1.00, 0.00]
2020-06-25 12:45:07 INFO (ppo.py:237) n=31680: loss=0.881, entropy=1.953, val=-0.542, adv=-0.134
2020-06-25 12:45:07 INFO (env_wrappers.py:236) 
- name: append-still-easy
  episode: 18
  length: 1001
  reward: 3
  performance: [1, 26, 0.01]
  impact_penalty: 0
  side effects:
    life-green: [16.24, 29.00]
    crate-gray: [6.77, 40.00]
    life-gray: [4.00, 0.00]
2020-06-25 12:45:08 INFO (env_wrappers.py:236) 
- name: append-still-easy
  episode: 19
  length: 1001
  reward: 0
  performance: [0, 31, 0.01]
  impact_penalty: 0
  side effects:
    life-green: [4.00, 12.00]
    crate-gray: [7.28, 37.00]
    life-gray: [4.00, 0.00]
2020-06-25 12:45:08 INFO (env_wrappers.py:236) 
- name: append-still-easy
  episode: 20
  length: 1001
  reward: 12
  performance: [4, 13, 0.01]
  impact_penalty: 0
  side effects:
    life-green: [24.06, 29.00]
    crate-gray: [6.34, 36.00]
    life-gray: [8.00, 0.00]
2020-06-25 12:45:08 INFO (env_wrappers.py:236) 
- name: append-still-easy
  episode: 21
  length: 1001
  reward: 6
  performance: [2, 17, 0.01]
  impact_penalty: 0
  side effects:
    life-green: [29.76, 40.00]
    crate-gray: [6.26, 41.00]
2020-06-25 12:45:08 INFO (env_wrappers.py:236) 
- name: append-still-easy
  episode: 22
  length: 1001
  reward: 0
  performance: [0, 23, 0.01]
  impact_penalty: 0
  side effects:
    life-green: [7.55, 23.00]
    crate-gray: [9.60, 50.00]
    life-gray: [11.00, 0.00]
2020-06-25 12:45:08 INFO (env_wrappers.py:236) 
- name: append-still-easy
  episode: 23
  length: 1001
  reward: 3
  performance: [1, 33, 0.01]
  impact_penalty: 0
  side effects:
    life-green: [11.00, 13.00]
    crate-gray: [9.13, 38.00]
    life-gray: [9.00, 0.00]
2020-06-25 12:45:08 INFO (env_wrappers.py:236) 
- name: append-still-easy
  episode: 24
  length: 1001
  reward: 0
  performance: [0, 29, 0.01]
  impact_penalty: 0
  side effects:
    life-green: [7.85, 21.00]
    crate-gray: [6.59, 39.00]
    life-gray: [4.00, 0.00]
2020-06-25 12:45:08 INFO (env_wrappers.py:236) 
- name: append-still-easy
  episode: 25
  length: 1001
  reward: 0
  performance: [0, 32, 0.01]
  impact_penalty: 0
  side effects:
    life-green: [11.11, 13.00]
    crate-gray: [8.08, 43.00]
    life-gray: [3.00, 0.00]
2020-06-25 12:45:09 INFO (env_wrappers.py:236) 
- name: append-still-easy
  episode: 26
  length: 1001
  reward: 0
  performance: [0, 26, 0.01]
  impact_penalty: 0
  side effects:
    life-green: [21.31, 29.00]
    crate-gray: [7.28, 40.00]
    life-gray: [3.00, 0.00]
2020-06-25 12:45:09 INFO (env_wrappers.py:236) 
- name: append-still-easy
  episode: 28
  length: 1001
  reward: 0
  performance: [0, 13, 0.01]
  impact_penalty: 0
  side effects:
    life-green: [24.20, 29.00]
    crate-gray: [4.46, 36.00]
    life-gray: [1.00, 0.00]
2020-06-25 12:45:09 INFO (env_wrappers.py:236) 
- name: append-still-easy
  episode: 29
  length: 1001
  reward: 3
  performance: [1, 17, 0.01]
  impact_penalty: 0
  side effects:
    life-green: [29.60, 40.00]
    crate-gray: [7.31, 41.00]
    life-gray: [9.00, 0.00]
2020-06-25 12:45:09 INFO (env_wrappers.py:236) 
- name: append-still-easy
  episode: 30
  length: 1001
  reward: 0
  performance: [0, 23, 0.01]
  impact_penalty: 0
  side effects:
    life-green: [18.14, 23.00]
    crate-gray: [8.90, 50.00]
    life-gray: [1.00, 0.00]
2020-06-25 12:45:09 INFO (env_wrappers.py:236) 
- name: append-still-easy
  episode: 31
  length: 1001
  reward: 6
  performance: [2, 33, 0.01]
  impact_penalty: 0
  side effects:
    life-green: [7.31, 13.00]
    crate-gray: [9.39, 38.00]
    life-gray: [5.00, 0.00]
2020-06-25 12:45:09 INFO (env_wrappers.py:236) 
- name: append-still-easy
  episode: 32
  length: 1001
  reward: 6
  performance: [2, 29, 0.01]
  impact_penalty: 0
  side effects:
    life-green: [10.69, 21.00]
    crate-gray: [7.92, 39.00]
    life-gray: [2.00, 0.00]
2020-06-25 12:45:10 INFO (ppo.py:237) n=32640: loss=0.359, entropy=2.041, val=-0.496, adv=0.0768
2020-06-25 12:45:12 INFO (ppo.py:237) n=33600: loss=0.697, entropy=1.938, val=-0.479, adv=-0.206
2020-06-25 12:45:14 INFO (ppo.py:237) n=34560: loss=0.104, entropy=1.928, val=-0.894, adv=0.0776
2020-06-25 12:45:16 INFO (ppo.py:237) n=35520: loss=0.0484, entropy=1.818, val=-0.809, adv=0.0192
2020-06-25 12:45:18 INFO (ppo.py:237) n=36480: loss=0.0799, entropy=1.621, val=-0.738, adv=0.0648
2020-06-25 12:45:18 INFO (env_wrappers.py:236) 
- name: append-still-easy
  episode: 33
  length: 1001
  reward: 0
  performance: [0, 32, 0.01]
  impact_penalty: 0
  side effects:
    life-green: [0.00, 13.00]
    crate-gray: [9.61, 43.00]
    life-gray: [13.00, 0.00]
2020-06-25 12:45:20 INFO (ppo.py:237) n=37440: loss=0.0223, entropy=1.571, val=-0.889, adv=-0.00446
2020-06-25 12:45:22 INFO (ppo.py:237) n=38400: loss=0.148, entropy=1.744, val=-0.823, adv=0.0668
2020-06-25 12:45:24 INFO (ppo.py:237) n=39360: loss=0.128, entropy=1.711, val=-0.744, adv=-0.128
2020-06-25 12:45:26 INFO (ppo.py:237) n=40320: loss=0.0782, entropy=1.500, val=-0.841, adv=-0.12
2020-06-25 12:45:28 INFO (env_wrappers.py:236) 
- name: append-still-easy
  episode: 44
  length: 564
  reward: 4
  performance: [1, 13, 0.01]
  impact_penalty: 0
  side effects:
    life-green: [7.17, 29.00]
    crate-gray: [3.25, 36.00]
    life-gray: [5.00, 0.00]
2020-06-25 12:45:28 INFO (env_wrappers.py:122) Starting video: training-episode-50-41052.mp4
2020-06-25 12:45:29 INFO (ppo.py:237) n=41280: loss=0.202, entropy=1.599, val=-1.01, adv=-0.0152
2020-06-25 12:45:31 INFO (ppo.py:237) n=42240: loss=0.102, entropy=1.469, val=-1.03, adv=-0.077
2020-06-25 12:45:34 INFO (ppo.py:237) n=43200: loss=0.0146, entropy=1.539, val=-1.06, adv=0.0168
2020-06-25 12:45:36 INFO (ppo.py:237) n=44160: loss=0.255, entropy=1.547, val=-1.03, adv=-0.209
2020-06-25 12:45:38 INFO (ppo.py:237) n=45120: loss=0.0033, entropy=1.605, val=-1.11, adv=-0.0123
2020-06-25 12:45:41 INFO (ppo.py:237) n=46080: loss=0.0132, entropy=1.587, val=-1.25, adv=-0.0329
2020-06-25 12:45:43 INFO (ppo.py:237) n=47040: loss=0.568, entropy=1.560, val=-1.31, adv=0.00798
2020-06-25 12:45:44 INFO (env_wrappers.py:236) 
- name: append-still-easy
  episode: 34
  length: 1001
  reward: 0
  performance: [0, 26, 0.01]
  impact_penalty: 0
  side effects:
    life-green: [20.67, 29.00]
    crate-gray: [9.50, 40.00]
    life-gray: [2.00, 0.00]
2020-06-25 12:45:46 INFO (env_wrappers.py:236) 
- name: append-still-easy
  episode: 35
  length: 1001
  reward: 3
  performance: [1, 31, 0.01]
  impact_penalty: 0
  side effects:
    life-green: [1.38, 12.00]
    crate-gray: [9.28, 37.00]
    life-gray: [14.00, 0.00]
2020-06-25 12:45:46 INFO (ppo.py:237) n=48000: loss=0.489, entropy=1.621, val=-0.944, adv=0.273
2020-06-25 12:45:46 INFO (env_wrappers.py:236) 
- name: append-still-easy
  episode: 36
  length: 1001
  reward: 0
  performance: [0, 13, 0.01]
  impact_penalty: 0
  side effects:
    life-green: [8.88, 29.00]
    crate-gray: [1.56, 36.00]
    life-gray: [2.00, 0.00]
2020-06-25 12:45:46 INFO (env_wrappers.py:236) 
- name: append-still-easy
  episode: 37
  length: 1001
  reward: 0
  performance: [0, 17, 0.01]
  impact_penalty: 0
  side effects:
    life-green: [28.00, 40.00]
    crate-gray: [6.51, 41.00]
2020-06-25 12:45:46 INFO (env_wrappers.py:236) 
- name: append-still-easy
  episode: 38
  length: 1001
  reward: 0
  performance: [0, 23, 0.01]
  impact_penalty: 0
  side effects:
    life-green: [9.30, 23.00]
    crate-gray: [9.90, 50.00]
    life-gray: [1.00, 0.00]
2020-06-25 12:45:47 INFO (env_wrappers.py:236) 
- name: append-still-easy
  episode: 39
  length: 1001
  reward: 0
  performance: [0, 33, 0.01]
  impact_penalty: 0
  side effects:
    life-green: [11.37, 13.00]
    crate-gray: [7.90, 38.00]
    life-gray: [1.00, 0.00]
2020-06-25 12:45:47 INFO (env_wrappers.py:236) 
- name: append-still-easy
  episode: 40
  length: 1001
  reward: 0
  performance: [0, 29, 0.01]
  impact_penalty: 0
  side effects:
    life-green: [16.55, 21.00]
    crate-gray: [9.77, 39.00]
2020-06-25 12:45:47 INFO (env_wrappers.py:236) 
- name: append-still-easy
  episode: 41
  length: 1001
  reward: 0
  performance: [0, 32, 0.01]
  impact_penalty: 0
  side effects:
    life-green: [3.00, 13.00]
    crate-gray: [5.79, 43.00]
2020-06-25 12:45:47 INFO (env_wrappers.py:236) 
- name: append-still-easy
  episode: 42
  length: 1001
  reward: 0
  performance: [0, 26, 0.01]
  impact_penalty: 0
  side effects:
    life-green: [22.46, 29.00]
    crate-gray: [11.40, 40.00]
    life-gray: [4.00, 0.00]
2020-06-25 12:45:47 INFO (env_wrappers.py:236) 
- name: append-still-easy
  episode: 43
  length: 1001
  reward: 0
  performance: [0, 31, 0.01]
  impact_penalty: 0
  side effects:
    life-green: [4.00, 12.00]
    crate-gray: [4.81, 37.00]
    life-gray: [3.00, 0.00]
2020-06-25 12:45:47 INFO (env_wrappers.py:236) 
- name: append-still-easy
  episode: 45
  length: 1001
  reward: 0
  performance: [0, 17, 0.01]
  impact_penalty: 0
  side effects:
    life-green: [17.58, 40.00]
    crate-gray: [3.43, 41.00]
2020-06-25 12:45:47 INFO (env_wrappers.py:236) 
- name: append-still-easy
  episode: 46
  length: 1001
  reward: 0
  performance: [0, 23, 0.01]
  impact_penalty: 0
  side effects:
    life-green: [17.03, 23.00]
    crate-gray: [7.27, 50.00]
    life-gray: [8.00, 0.00]
2020-06-25 12:45:47 INFO (env_wrappers.py:236) 
- name: append-still-easy
  episode: 47
  length: 1001
  reward: 0
  performance: [0, 33, 0.01]
  impact_penalty: 0
  side effects:
    life-green: [10.04, 13.00]
    crate-gray: [8.90, 38.00]
2020-06-25 12:45:47 INFO (env_wrappers.py:236) 
- name: append-still-easy
  episode: 48
  length: 1001
  reward: 6
  performance: [2, 29, 0.01]
  impact_penalty: 0
  side effects:
    life-green: [13.84, 21.00]
    crate-gray: [8.04, 39.00]
    life-gray: [9.00, 0.00]
2020-06-25 12:45:50 INFO (ppo.py:237) n=48960: loss=0.654, entropy=1.566, val=-0.104, adv=-0.284
2020-06-25 12:45:52 INFO (ppo.py:237) n=49920: loss=0.511, entropy=1.792, val=-0.428, adv=-0.00161
2020-06-25 12:45:53 INFO (env_wrappers.py:146) Ending video: training-episode-50-41052.mp4
