2020-06-25 12:48:04 INFO (ppo.py:237) n=960: loss=0.227, entropy=2.138, val=-0.323, adv=-0.191
2020-06-25 12:48:06 INFO (ppo.py:237) n=1920: loss=0.0391, entropy=2.069, val=-0.831, adv=-0.0903
2020-06-25 12:48:08 INFO (ppo.py:237) n=2880: loss=0.467, entropy=2.070, val=-0.9, adv=-0.00824
2020-06-25 12:48:10 INFO (ppo.py:237) n=3840: loss=3.71, entropy=2.004, val=-0.785, adv=0.113
2020-06-25 12:48:12 INFO (ppo.py:237) n=4800: loss=0.832, entropy=1.979, val=-0.798, adv=-0.302
2020-06-25 12:48:14 INFO (ppo.py:237) n=5760: loss=1.07, entropy=1.854, val=-0.745, adv=0.000877
2020-06-25 12:48:16 INFO (ppo.py:237) n=6720: loss=0.522, entropy=1.905, val=-0.937, adv=-0.097
2020-06-25 12:48:18 INFO (ppo.py:237) n=7680: loss=1.34, entropy=1.839, val=-1.05, adv=-0.42
2020-06-25 12:48:20 INFO (ppo.py:237) n=8640: loss=1.51, entropy=1.898, val=-1.22, adv=-0.498
2020-06-25 12:48:22 INFO (ppo.py:237) n=9600: loss=1.84, entropy=1.913, val=-1.49, adv=0.618
2020-06-25 12:48:24 INFO (ppo.py:237) n=10560: loss=0.523, entropy=1.954, val=-1.51, adv=-0.0476
2020-06-25 12:48:26 INFO (ppo.py:237) n=11520: loss=0.484, entropy=1.949, val=-1.58, adv=0.148
2020-06-25 12:48:28 INFO (ppo.py:237) n=12480: loss=1.53, entropy=1.956, val=-1.53, adv=-0.023
2020-06-25 12:48:30 INFO (ppo.py:237) n=13440: loss=1.32, entropy=1.926, val=-1.33, adv=0.159
2020-06-25 12:48:32 INFO (ppo.py:237) n=14400: loss=0.856, entropy=1.805, val=-1.42, adv=0.225
2020-06-25 12:48:33 INFO (ppo.py:237) n=15360: loss=0.519, entropy=1.842, val=-1.56, adv=0.176
2020-06-25 12:48:35 INFO (env_wrappers.py:236) 
- name: append-still-easy
  episode: 1
  length: 1001
  reward: 0
  performance: [0, 36, 0.01]
  impact_penalty: 0
  side effects:
    life-green: [10.60, 16.00]
    crate-gray: [2.79, 29.00]
    life-gray: [5.00, 0.00]
2020-06-25 12:48:35 INFO (env_wrappers.py:236) 
- name: append-still-easy
  episode: 2
  length: 1001
  reward: 0
  performance: [0, 22, 0.01]
  impact_penalty: 0
  side effects:
    life-green: [19.01, 27.00]
    crate-gray: [5.08, 36.00]
    life-gray: [3.00, 0.00]
2020-06-25 12:48:35 INFO (env_wrappers.py:236) 
- name: append-still-easy
  episode: 3
  length: 1001
  reward: 0
  performance: [0, 26, 0.01]
  impact_penalty: 0
  side effects:
    life-green: [9.29, 21.00]
    crate-gray: [4.27, 35.00]
    life-gray: [13.00, 0.00]
2020-06-25 12:48:35 INFO (env_wrappers.py:236) 
- name: append-still-easy
  episode: 4
  length: 1001
  reward: 0
  performance: [0, 33, 0.01]
  impact_penalty: 0
  side effects:
    life-green: [6.00, 6.00]
    crate-gray: [8.00, 48.00]
    life-gray: [8.00, 0.00]
2020-06-25 12:48:35 INFO (env_wrappers.py:236) 
- name: append-still-easy
  episode: 5
  length: 1001
  reward: 6
  performance: [2, 29, 0.01]
  impact_penalty: 0
  side effects:
    life-green: [11.50, 19.00]
    crate-gray: [3.43, 40.00]
    life-gray: [8.00, 0.00]
2020-06-25 12:48:35 INFO (env_wrappers.py:236) 
- name: append-still-easy
  episode: 6
  length: 1001
  reward: 3
  performance: [1, 24, 0.01]
  impact_penalty: 0
  side effects:
    life-green: [18.50, 24.00]
    crate-gray: [7.66, 34.00]
    life-gray: [1.00, 0.00]
2020-06-25 12:48:36 INFO (env_wrappers.py:236) 
- name: append-still-easy
  episode: 7
  length: 1001
  reward: 0
  performance: [0, 38, 0.01]
  impact_penalty: 0
  side effects:
    life-green: [9.00, 9.00]
    crate-gray: [5.56, 34.00]
    life-gray: [11.02, 0.00]
2020-06-25 12:48:36 INFO (env_wrappers.py:236) 
- name: append-still-easy
  episode: 8
  length: 1001
  reward: 0
  performance: [0, 19, 0.01]
  impact_penalty: 0
  side effects:
    life-green: [24.38, 36.00]
    crate-gray: [2.85, 30.00]
    life-gray: [2.00, 0.00]
2020-06-25 12:48:36 INFO (env_wrappers.py:236) 
- name: append-still-easy
  episode: 9
  length: 1001
  reward: 6
  performance: [2, 36, 0.01]
  impact_penalty: 0
  side effects:
    life-green: [8.99, 16.00]
    crate-gray: [4.64, 29.00]
    life-gray: [19.00, 0.00]
2020-06-25 12:48:36 INFO (env_wrappers.py:236) 
- name: append-still-easy
  episode: 10
  length: 1001
  reward: 6
  performance: [2, 22, 0.01]
  impact_penalty: 0
  side effects:
    life-green: [12.76, 27.00]
    crate-gray: [3.64, 36.00]
    life-gray: [7.00, 0.00]
2020-06-25 12:48:36 INFO (env_wrappers.py:236) 
- name: append-still-easy
  episode: 11
  length: 1001
  reward: 0
  performance: [0, 26, 0.01]
  impact_penalty: 0
  side effects:
    life-green: [5.20, 21.00]
    crate-gray: [7.43, 35.00]
    life-gray: [1.00, 0.00]
2020-06-25 12:48:36 INFO (env_wrappers.py:236) 
- name: append-still-easy
  episode: 12
  length: 1001
  reward: 0
  performance: [0, 33, 0.01]
  impact_penalty: 0
  side effects:
    life-green: [6.00, 6.00]
    crate-gray: [7.18, 48.00]
    life-gray: [4.00, 0.00]
2020-06-25 12:48:36 INFO (env_wrappers.py:236) 
- name: append-still-easy
  episode: 13
  length: 1001
  reward: 0
  performance: [0, 29, 0.01]
  impact_penalty: 0
  side effects:
    life-green: [16.00, 19.00]
    crate-gray: [4.48, 40.00]
    life-gray: [5.00, 0.00]
2020-06-25 12:48:36 INFO (env_wrappers.py:236) 
- name: append-still-easy
  episode: 14
  length: 1001
  reward: 0
  performance: [0, 24, 0.01]
  impact_penalty: 0
  side effects:
    life-green: [11.00, 24.00]
    crate-gray: [5.88, 34.00]
    life-gray: [11.00, 0.00]
2020-06-25 12:48:36 INFO (env_wrappers.py:236) 
- name: append-still-easy
  episode: 15
  length: 1001
  reward: 0
  performance: [0, 38, 0.01]
  impact_penalty: 0
  side effects:
    life-green: [0.00, 9.00]
    crate-gray: [6.09, 34.00]
    life-gray: [5.00, 0.00]
2020-06-25 12:48:37 INFO (env_wrappers.py:236) 
- name: append-still-easy
  episode: 16
  length: 1001
  reward: 0
  performance: [0, 19, 0.01]
  impact_penalty: 0
  side effects:
    life-green: [29.00, 36.00]
    crate-gray: [6.17, 30.00]
    life-gray: [10.00, 0.00]
2020-06-25 12:48:37 INFO (ppo.py:237) n=16320: loss=0.373, entropy=1.852, val=-1.59, adv=0.154
2020-06-25 12:48:39 INFO (ppo.py:237) n=17280: loss=0.483, entropy=1.910, val=-1.19, adv=-0.0602
2020-06-25 12:48:41 INFO (ppo.py:237) n=18240: loss=0.652, entropy=1.941, val=-1.31, adv=0.0637
2020-06-25 12:48:43 INFO (ppo.py:237) n=19200: loss=0.966, entropy=2.026, val=-0.743, adv=-0.157
2020-06-25 12:48:45 INFO (ppo.py:237) n=20160: loss=4.41, entropy=1.990, val=-0.749, adv=-0.0394
2020-06-25 12:48:47 INFO (ppo.py:237) n=21120: loss=0.507, entropy=1.942, val=-1.1, adv=-0.0374
2020-06-25 12:48:49 INFO (ppo.py:237) n=22080: loss=1.4, entropy=1.930, val=-1.23, adv=0.487
2020-06-25 12:48:51 INFO (ppo.py:237) n=23040: loss=1.23, entropy=1.856, val=-1.07, adv=-0.078
2020-06-25 12:48:53 INFO (ppo.py:237) n=24000: loss=0.657, entropy=1.742, val=-1.33, adv=0.162
2020-06-25 12:48:55 INFO (ppo.py:237) n=24960: loss=0.0775, entropy=1.642, val=-1.33, adv=-0.12
2020-06-25 12:48:57 INFO (ppo.py:237) n=25920: loss=1.12, entropy=1.655, val=-1.48, adv=-0.137
2020-06-25 12:48:58 INFO (ppo.py:237) n=26880: loss=1.69, entropy=1.681, val=-1.62, adv=-0.44
2020-06-25 12:49:00 INFO (ppo.py:237) n=27840: loss=0.913, entropy=1.537, val=-1.67, adv=-0.372
2020-06-25 12:49:02 INFO (ppo.py:237) n=28800: loss=1.75, entropy=1.800, val=-1.94, adv=-0.293
2020-06-25 12:49:04 INFO (ppo.py:237) n=29760: loss=1.63, entropy=1.846, val=-1.91, adv=-0.197
2020-06-25 12:49:06 INFO (ppo.py:237) n=30720: loss=1.3, entropy=1.967, val=-2.04, adv=-0.297
2020-06-25 12:49:08 INFO (ppo.py:237) n=31680: loss=1.72, entropy=1.792, val=-1.95, adv=-0.138
2020-06-25 12:49:09 INFO (env_wrappers.py:236) 
- name: append-still-easy
  episode: 17
  length: 1001
  reward: 6
  performance: [2, 36, 0.01]
  impact_penalty: 0
  side effects:
    life-green: [10.78, 16.00]
    crate-gray: [4.26, 29.00]
    life-gray: [6.61, 0.00]
2020-06-25 12:49:09 INFO (env_wrappers.py:236) 
- name: append-still-easy
  episode: 18
  length: 1001
  reward: 3
  performance: [1, 22, 0.01]
  impact_penalty: 0
  side effects:
    life-green: [13.62, 27.00]
    crate-gray: [4.20, 36.00]
    life-gray: [7.00, 0.00]
2020-06-25 12:49:09 INFO (env_wrappers.py:236) 
- name: append-still-easy
  episode: 19
  length: 1001
  reward: 9
  performance: [3, 26, 0.01]
  impact_penalty: 0
  side effects:
    life-green: [13.05, 21.00]
    crate-gray: [4.98, 35.00]
    life-gray: [13.00, 0.00]
2020-06-25 12:49:09 INFO (env_wrappers.py:236) 
- name: append-still-easy
  episode: 20
  length: 1001
  reward: 15
  performance: [5, 33, 0.01]
  impact_penalty: 0
  side effects:
    life-green: [3.00, 6.00]
    crate-gray: [5.42, 48.00]
    life-gray: [24.00, 0.00]
2020-06-25 12:49:10 INFO (env_wrappers.py:236) 
- name: append-still-easy
  episode: 21
  length: 1001
  reward: 3
  performance: [1, 29, 0.01]
  impact_penalty: 0
  side effects:
    life-green: [15.00, 19.00]
    crate-gray: [6.86, 40.00]
    life-gray: [15.00, 0.00]
2020-06-25 12:49:10 INFO (env_wrappers.py:236) 
- name: append-still-easy
  episode: 22
  length: 1001
  reward: 0
  performance: [0, 24, 0.01]
  impact_penalty: 0
  side effects:
    life-green: [21.70, 24.00]
    crate-gray: [2.06, 34.00]
    life-gray: [8.00, 0.00]
2020-06-25 12:49:10 INFO (env_wrappers.py:236) 
- name: append-still-easy
  episode: 23
  length: 1001
  reward: 0
  performance: [0, 38, 0.01]
  impact_penalty: 0
  side effects:
    life-green: [5.58, 9.00]
    crate-gray: [2.25, 34.00]
    life-gray: [5.00, 0.00]
2020-06-25 12:49:10 INFO (env_wrappers.py:236) 
- name: append-still-easy
  episode: 24
  length: 1001
  reward: 0
  performance: [0, 19, 0.01]
  impact_penalty: 0
  side effects:
    life-green: [26.89, 36.00]
    crate-gray: [3.41, 30.00]
    life-gray: [8.28, 0.00]
2020-06-25 12:49:10 INFO (env_wrappers.py:236) 
- name: append-still-easy
  episode: 25
  length: 1001
  reward: 0
  performance: [0, 36, 0.01]
  impact_penalty: 0
  side effects:
    life-green: [13.39, 16.00]
    crate-gray: [3.28, 29.00]
    life-gray: [4.00, 0.00]
2020-06-25 12:49:10 INFO (env_wrappers.py:236) 
- name: append-still-easy
  episode: 26
  length: 1001
  reward: 0
  performance: [0, 22, 0.01]
  impact_penalty: 0
  side effects:
    life-green: [14.00, 27.00]
    crate-gray: [3.09, 36.00]
    life-gray: [6.00, 0.00]
2020-06-25 12:49:10 INFO (env_wrappers.py:236) 
- name: append-still-easy
  episode: 27
  length: 1001
  reward: 0
  performance: [0, 26, 0.01]
  impact_penalty: 0
  side effects:
    life-green: [0.00, 21.00]
    crate-gray: [4.38, 35.00]
    life-gray: [7.00, 0.00]
2020-06-25 12:49:10 INFO (env_wrappers.py:236) 
- name: append-still-easy
  episode: 28
  length: 1001
  reward: 3
  performance: [1, 33, 0.01]
  impact_penalty: 0
  side effects:
    life-green: [3.00, 6.00]
    crate-gray: [7.26, 48.00]
    life-gray: [8.00, 0.00]
2020-06-25 12:49:10 INFO (env_wrappers.py:236) 
- name: append-still-easy
  episode: 29
  length: 1001
  reward: 0
  performance: [0, 29, 0.01]
  impact_penalty: 0
  side effects:
    life-green: [15.00, 19.00]
    crate-gray: [1.96, 40.00]
    life-gray: [2.00, 0.00]
2020-06-25 12:49:11 INFO (env_wrappers.py:236) 
- name: append-still-easy
  episode: 30
  length: 1001
  reward: 6
  performance: [2, 24, 0.01]
  impact_penalty: 0
  side effects:
    life-green: [20.00, 24.00]
    crate-gray: [3.88, 34.00]
    life-gray: [21.32, 0.00]
2020-06-25 12:49:11 INFO (env_wrappers.py:236) 
- name: append-still-easy
  episode: 31
  length: 1001
  reward: 9
  performance: [3, 38, 0.01]
  impact_penalty: 0
  side effects:
    life-green: [6.00, 9.00]
    crate-gray: [5.90, 34.00]
    life-gray: [18.00, 0.00]
2020-06-25 12:49:11 INFO (env_wrappers.py:236) 
- name: append-still-easy
  episode: 32
  length: 1001
  reward: 0
  performance: [0, 19, 0.01]
  impact_penalty: 0
  side effects:
    life-green: [16.20, 36.00]
    crate-gray: [3.75, 30.00]
    life-gray: [7.45, 0.00]
2020-06-25 12:49:12 INFO (ppo.py:237) n=32640: loss=1.46, entropy=1.844, val=-1.62, adv=0.386
2020-06-25 12:49:14 INFO (ppo.py:237) n=33600: loss=0.457, entropy=1.862, val=-1.62, adv=0.184
2020-06-25 12:49:16 INFO (ppo.py:237) n=34560: loss=0.446, entropy=1.831, val=-1.45, adv=-0.105
2020-06-25 12:49:18 INFO (ppo.py:237) n=35520: loss=0.379, entropy=1.828, val=-1.61, adv=-0.0111
2020-06-25 12:49:20 INFO (ppo.py:237) n=36480: loss=0.187, entropy=1.834, val=-1.65, adv=0.0581
2020-06-25 12:49:22 INFO (ppo.py:237) n=37440: loss=1.59, entropy=1.898, val=-1.24, adv=-0.314
2020-06-25 12:49:24 INFO (ppo.py:237) n=38400: loss=0.584, entropy=1.953, val=-1.04, adv=0.0832
2020-06-25 12:49:26 INFO (ppo.py:237) n=39360: loss=1.13, entropy=1.919, val=-0.937, adv=0.0375
2020-06-25 12:49:28 INFO (ppo.py:237) n=40320: loss=2.34, entropy=1.858, val=-0.899, adv=-0.0825
2020-06-25 12:49:30 INFO (ppo.py:237) n=41280: loss=1.01, entropy=1.953, val=-1.07, adv=0.234
2020-06-25 12:49:32 INFO (ppo.py:237) n=42240: loss=3.86, entropy=1.894, val=-0.866, adv=-0.433
2020-06-25 12:49:34 INFO (ppo.py:237) n=43200: loss=0.681, entropy=1.876, val=-1.18, adv=-0.162
2020-06-25 12:49:36 INFO (ppo.py:237) n=44160: loss=1.05, entropy=1.796, val=-1.4, adv=0.25
2020-06-25 12:49:37 INFO (env_wrappers.py:236) 
- name: append-still-easy
  episode: 33
  length: 778
  reward: 7
  performance: [2, 36, 0.01]
  impact_penalty: 0
  side effects:
    life-green: [4.00, 16.00]
    crate-gray: [5.14, 29.00]
    life-gray: [3.00, 0.00]
2020-06-25 12:49:37 INFO (env_wrappers.py:236) 
- name: append-still-easy
  episode: 38
  length: 795
  reward: 7
  performance: [2, 24, 0.01]
  impact_penalty: 0
  side effects:
    life-green: [18.65, 24.00]
    crate-gray: [1.73, 34.00]
    life-gray: [6.00, 0.00]
2020-06-25 12:49:37 INFO (env_wrappers.py:122) Starting video: training-episode-50-44742.mp4
2020-06-25 12:49:39 INFO (ppo.py:237) n=45120: loss=0.868, entropy=1.880, val=-1.26, adv=-0.326
2020-06-25 12:49:41 INFO (ppo.py:237) n=46080: loss=0.765, entropy=1.944, val=-1.29, adv=0.2
2020-06-25 12:49:44 INFO (ppo.py:237) n=47040: loss=0.132, entropy=1.971, val=-1.42, adv=0.09
2020-06-25 12:49:46 INFO (ppo.py:237) n=48000: loss=0.28, entropy=1.936, val=-1.24, adv=0.0408
2020-06-25 12:49:46 INFO (env_wrappers.py:236) 
- name: append-still-easy
  episode: 34
  length: 1001
  reward: 3
  performance: [1, 22, 0.01]
  impact_penalty: 0
  side effects:
    life-green: [18.82, 27.00]
    crate-gray: [5.92, 36.00]
    life-gray: [4.00, 0.00]
2020-06-25 12:49:46 INFO (env_wrappers.py:236) 
- name: append-still-easy
  episode: 35
  length: 1001
  reward: 0
  performance: [0, 26, 0.01]
  impact_penalty: 0
  side effects:
    life-green: [21.00, 21.00]
    crate-gray: [5.99, 35.00]
    life-gray: [7.00, 0.00]
2020-06-25 12:49:46 INFO (env_wrappers.py:236) 
- name: append-still-easy
  episode: 36
  length: 1001
  reward: 0
  performance: [0, 33, 0.01]
  impact_penalty: 0
  side effects:
    life-green: [3.00, 6.00]
    crate-gray: [3.91, 48.00]
    life-gray: [2.00, 0.00]
2020-06-25 12:49:47 INFO (env_wrappers.py:236) 
- name: append-still-easy
  episode: 37
  length: 1001
  reward: 6
  performance: [2, 29, 0.01]
  impact_penalty: 0
  side effects:
    life-green: [19.00, 19.00]
    crate-gray: [4.75, 40.00]
    life-gray: [11.00, 0.00]
2020-06-25 12:49:47 INFO (env_wrappers.py:236) 
- name: append-still-easy
  episode: 39
  length: 1001
  reward: 0
  performance: [0, 38, 0.01]
  impact_penalty: 0
  side effects:
    life-green: [0.00, 9.00]
    crate-gray: [5.35, 34.00]
    life-gray: [1.00, 0.00]
2020-06-25 12:49:47 INFO (env_wrappers.py:236) 
- name: append-still-easy
  episode: 40
  length: 1001
  reward: 0
  performance: [0, 19, 0.01]
  impact_penalty: 0
  side effects:
    life-green: [23.36, 36.00]
    crate-gray: [4.17, 30.00]
    life-gray: [6.02, 0.00]
2020-06-25 12:49:47 INFO (env_wrappers.py:236) 
- name: append-still-easy
  episode: 41
  length: 1001
  reward: 0
  performance: [0, 36, 0.01]
  impact_penalty: 0
  side effects:
    life-green: [16.00, 16.00]
    crate-gray: [3.88, 29.00]
    life-gray: [5.00, 0.00]
2020-06-25 12:49:47 INFO (env_wrappers.py:236) 
- name: append-still-easy
  episode: 42
  length: 1001
  reward: 6
  performance: [2, 22, 0.01]
  impact_penalty: 0
  side effects:
    life-green: [14.67, 27.00]
    crate-gray: [6.79, 36.00]
    life-gray: [17.00, 0.00]
2020-06-25 12:49:47 INFO (env_wrappers.py:236) 
- name: append-still-easy
  episode: 43
  length: 1001
  reward: 0
  performance: [0, 26, 0.01]
  impact_penalty: 0
  side effects:
    life-green: [14.70, 21.00]
    crate-gray: [3.43, 35.00]
    life-gray: [12.00, 0.00]
2020-06-25 12:49:47 INFO (env_wrappers.py:236) 
- name: append-still-easy
  episode: 44
  length: 1001
  reward: 0
  performance: [0, 33, 0.01]
  impact_penalty: 0
  side effects:
    life-green: [6.00, 6.00]
    crate-gray: [6.19, 48.00]
    life-gray: [4.00, 0.00]
2020-06-25 12:49:47 INFO (env_wrappers.py:236) 
- name: append-still-easy
  episode: 45
  length: 1001
  reward: 3
  performance: [1, 29, 0.01]
  impact_penalty: 0
  side effects:
    life-green: [15.73, 19.00]
    crate-gray: [6.13, 40.00]
    life-gray: [13.00, 0.00]
2020-06-25 12:49:48 INFO (env_wrappers.py:236) 
- name: append-still-easy
  episode: 46
  length: 1001
  reward: 3
  performance: [1, 24, 0.01]
  impact_penalty: 0
  side effects:
    life-green: [20.23, 24.00]
    crate-gray: [1.96, 34.00]
    life-gray: [4.00, 0.00]
2020-06-25 12:49:48 INFO (env_wrappers.py:236) 
- name: append-still-easy
  episode: 47
  length: 1001
  reward: 0
  performance: [0, 38, 0.01]
  impact_penalty: 0
  side effects:
    life-green: [8.38, 9.00]
    crate-gray: [3.29, 34.00]
    life-gray: [9.00, 0.00]
2020-06-25 12:49:48 INFO (env_wrappers.py:236) 
- name: append-still-easy
  episode: 48
  length: 1001
  reward: 0
  performance: [0, 19, 0.01]
  impact_penalty: 0
  side effects:
    life-green: [32.26, 36.00]
    crate-gray: [4.00, 30.00]
2020-06-25 12:49:50 INFO (ppo.py:237) n=48960: loss=0.571, entropy=1.956, val=-0.919, adv=0.0558
2020-06-25 12:49:53 INFO (ppo.py:237) n=49920: loss=0.885, entropy=1.888, val=-1.09, adv=-0.126
2020-06-25 12:49:53 INFO (env_wrappers.py:236) 
- name: append-still-easy
  episode: 58
  length: 119
  reward: 4
  performance: [1, 22, 0.01]
  impact_penalty: 0
  side effects:
    life-green: [13.72, 27.00]
    crate-gray: [0.66, 36.00]
    life-gray: [2.00, 0.00]
2020-06-25 12:49:54 INFO (env_wrappers.py:146) Ending video: training-episode-50-44742.mp4
