2020-06-25 12:40:08 INFO (ppo.py:237) n=960: loss=0.854, entropy=2.159, val=-0.316, adv=-0.188
2020-06-25 12:40:10 INFO (ppo.py:237) n=1920: loss=1.51, entropy=2.121, val=-0.559, adv=0.0857
2020-06-25 12:40:12 INFO (ppo.py:237) n=2880: loss=0.0941, entropy=2.058, val=-0.784, adv=-0.209
2020-06-25 12:40:14 INFO (ppo.py:237) n=3840: loss=0.871, entropy=1.992, val=-0.845, adv=-0.239
2020-06-25 12:40:16 INFO (ppo.py:237) n=4800: loss=0.268, entropy=2.013, val=-0.999, adv=-0.371
2020-06-25 12:40:18 INFO (ppo.py:237) n=5760: loss=1.2, entropy=2.073, val=-0.94, adv=0.00387
2020-06-25 12:40:21 INFO (ppo.py:237) n=6720: loss=1.53, entropy=2.048, val=-0.998, adv=0.193
2020-06-25 12:40:22 INFO (ppo.py:237) n=7680: loss=1.85, entropy=2.025, val=-1.09, adv=-0.134
2020-06-25 12:40:24 INFO (ppo.py:237) n=8640: loss=2.86, entropy=2.040, val=-1.2, adv=0.194
2020-06-25 12:40:26 INFO (ppo.py:237) n=9600: loss=2.25, entropy=1.979, val=-1.17, adv=0.377
2020-06-25 12:40:28 INFO (ppo.py:237) n=10560: loss=3.48, entropy=1.834, val=-0.92, adv=0.188
2020-06-25 12:40:30 INFO (ppo.py:237) n=11520: loss=2.78, entropy=1.812, val=-1.02, adv=0.204
2020-06-25 12:40:32 INFO (ppo.py:237) n=12480: loss=0.742, entropy=1.839, val=-0.906, adv=-0.0788
2020-06-25 12:40:34 INFO (ppo.py:237) n=13440: loss=2.62, entropy=1.771, val=-1.1, adv=0.383
2020-06-25 12:40:36 INFO (ppo.py:237) n=14400: loss=0.57, entropy=1.877, val=-1.21, adv=-0.0219
2020-06-25 12:40:38 INFO (ppo.py:237) n=15360: loss=0.111, entropy=2.077, val=-1.33, adv=0.039
2020-06-25 12:40:39 INFO (env_wrappers.py:236) 
- name: append-still-easy
  episode: 1
  length: 1001
  reward: 3
  performance: [1, 19, 0.01]
  impact_penalty: 0
  side effects:
    life-green: [13.00, 37.00]
    crate-gray: [4.88, 21.00]
    life-gray: [7.00, 0.00]
2020-06-25 12:40:40 INFO (env_wrappers.py:236) 
- name: append-still-easy
  episode: 2
  length: 1001
  reward: 3
  performance: [1, 22, 0.01]
  impact_penalty: 0
  side effects:
    life-green: [29.41, 34.00]
    crate-gray: [3.01, 31.00]
    life-gray: [21.00, 0.00]
2020-06-25 12:40:40 INFO (env_wrappers.py:236) 
- name: append-still-easy
  episode: 3
  length: 1001
  reward: 0
  performance: [0, 34, 0.01]
  impact_penalty: 0
  side effects:
    life-green: [15.00, 15.00]
    crate-gray: [1.92, 41.00]
    life-gray: [10.00, 0.00]
2020-06-25 12:40:40 INFO (env_wrappers.py:236) 
- name: append-still-easy
  episode: 4
  length: 1001
  reward: 6
  performance: [2, 33, 0.01]
  impact_penalty: 0
  side effects:
    life-green: [7.00, 7.00]
    crate-gray: [4.62, 47.00]
    life-gray: [11.00, 0.00]
2020-06-25 12:40:40 INFO (env_wrappers.py:236) 
- name: append-still-easy
  episode: 5
  length: 1001
  reward: 6
  performance: [2, 22, 0.01]
  impact_penalty: 0
  side effects:
    life-green: [13.00, 25.00]
    crate-gray: [2.43, 37.00]
    life-gray: [8.00, 0.00]
2020-06-25 12:40:40 INFO (env_wrappers.py:236) 
- name: append-still-easy
  episode: 6
  length: 1001
  reward: 6
  performance: [2, 30, 0.01]
  impact_penalty: 0
  side effects:
    life-green: [5.34, 15.00]
    crate-gray: [5.45, 45.00]
    life-gray: [9.00, 0.00]
2020-06-25 12:40:40 INFO (env_wrappers.py:236) 
- name: append-still-easy
  episode: 7
  length: 1001
  reward: 0
  performance: [0, 40, 0.01]
  impact_penalty: 0
  side effects:
    life-green: [10.00, 15.00]
    crate-gray: [6.29, 40.00]
    life-gray: [15.00, 0.00]
2020-06-25 12:40:40 INFO (env_wrappers.py:236) 
- name: append-still-easy
  episode: 8
  length: 1001
  reward: 9
  performance: [3, 22, 0.01]
  impact_penalty: 0
  side effects:
    life-green: [23.90, 30.00]
    crate-gray: [2.21, 33.00]
    life-gray: [6.00, 0.00]
2020-06-25 12:40:40 INFO (env_wrappers.py:236) 
- name: append-still-easy
  episode: 9
  length: 1001
  reward: 0
  performance: [0, 19, 0.01]
  impact_penalty: 0
  side effects:
    life-green: [36.45, 37.00]
    crate-gray: [3.22, 21.00]
    life-gray: [2.00, 0.00]
2020-06-25 12:40:40 INFO (env_wrappers.py:236) 
- name: append-still-easy
  episode: 10
  length: 1001
  reward: 0
  performance: [0, 22, 0.01]
  impact_penalty: 0
  side effects:
    life-green: [34.00, 34.00]
    crate-gray: [3.62, 31.00]
    life-gray: [12.00, 0.00]
2020-06-25 12:40:41 INFO (env_wrappers.py:236) 
- name: append-still-easy
  episode: 11
  length: 1001
  reward: 3
  performance: [1, 34, 0.01]
  impact_penalty: 0
  side effects:
    life-green: [4.00, 15.00]
    crate-gray: [5.65, 41.00]
    life-gray: [10.00, 0.00]
2020-06-25 12:40:41 INFO (env_wrappers.py:236) 
- name: append-still-easy
  episode: 12
  length: 1001
  reward: 0
  performance: [0, 33, 0.01]
  impact_penalty: 0
  side effects:
    life-green: [3.00, 7.00]
    crate-gray: [5.19, 47.00]
2020-06-25 12:40:41 INFO (env_wrappers.py:236) 
- name: append-still-easy
  episode: 13
  length: 1001
  reward: 0
  performance: [0, 22, 0.01]
  impact_penalty: 0
  side effects:
    life-green: [9.58, 25.00]
    crate-gray: [4.99, 37.00]
    life-gray: [1.00, 0.00]
2020-06-25 12:40:41 INFO (env_wrappers.py:236) 
- name: append-still-easy
  episode: 14
  length: 1001
  reward: 0
  performance: [0, 30, 0.01]
  impact_penalty: 0
  side effects:
    life-green: [15.00, 15.00]
    crate-gray: [5.67, 45.00]
    life-gray: [6.00, 0.00]
2020-06-25 12:40:41 INFO (env_wrappers.py:236) 
- name: append-still-easy
  episode: 15
  length: 1001
  reward: 0
  performance: [0, 40, 0.01]
  impact_penalty: 0
  side effects:
    life-green: [14.69, 15.00]
    crate-gray: [5.22, 40.00]
    life-gray: [4.00, 0.00]
2020-06-25 12:40:41 INFO (env_wrappers.py:236) 
- name: append-still-easy
  episode: 16
  length: 1001
  reward: 3
  performance: [1, 22, 0.01]
  impact_penalty: 0
  side effects:
    life-green: [22.00, 30.00]
    crate-gray: [5.76, 33.00]
    life-gray: [9.03, 0.00]
2020-06-25 12:40:42 INFO (ppo.py:237) n=16320: loss=0.168, entropy=2.021, val=-1.63, adv=0.198
2020-06-25 12:40:44 INFO (ppo.py:237) n=17280: loss=0.89, entropy=1.855, val=-0.987, adv=-0.136
2020-06-25 12:40:46 INFO (ppo.py:237) n=18240: loss=0.286, entropy=1.810, val=-1.37, adv=-0.162
2020-06-25 12:40:48 INFO (ppo.py:237) n=19200: loss=0.38, entropy=1.975, val=-1.45, adv=0.195
2020-06-25 12:40:50 INFO (ppo.py:237) n=20160: loss=0.33, entropy=1.894, val=-0.943, adv=-0.196
2020-06-25 12:40:52 INFO (ppo.py:237) n=21120: loss=0.327, entropy=1.981, val=-1.03, adv=0.193
2020-06-25 12:40:54 INFO (ppo.py:237) n=22080: loss=0.95, entropy=1.802, val=-0.979, adv=0.0592
2020-06-25 12:40:56 INFO (ppo.py:237) n=23040: loss=1.23, entropy=1.747, val=-1.03, adv=0.118
2020-06-25 12:40:58 INFO (ppo.py:237) n=24000: loss=0.96, entropy=1.698, val=-0.832, adv=-0.183
2020-06-25 12:41:00 INFO (ppo.py:237) n=24960: loss=1.72, entropy=1.880, val=-1.03, adv=0.27
2020-06-25 12:41:00 INFO (env_wrappers.py:236) 
- name: append-still-easy
  episode: 21
  length: 574
  reward: 4
  performance: [1, 22, 0.01]
  impact_penalty: 0
  side effects:
    life-green: [4.19, 25.00]
    crate-gray: [3.84, 37.00]
    life-gray: [7.00, 0.00]
2020-06-25 12:41:02 INFO (ppo.py:237) n=25920: loss=0.132, entropy=1.745, val=-0.962, adv=-0.0765
2020-06-25 12:41:02 INFO (env_wrappers.py:236) 
- name: append-still-easy
  episode: 30
  length: 623
  reward: 4
  performance: [1, 30, 0.01]
  impact_penalty: 0
  side effects:
    life-green: [13.11, 15.00]
    crate-gray: [6.81, 45.00]
    life-gray: [6.00, 0.00]
2020-06-25 12:41:04 INFO (ppo.py:237) n=26880: loss=0.453, entropy=1.836, val=-0.776, adv=0.0971
2020-06-25 12:41:06 INFO (ppo.py:237) n=27840: loss=0.442, entropy=1.748, val=-0.778, adv=-0.179
2020-06-25 12:41:08 INFO (ppo.py:237) n=28800: loss=1.19, entropy=1.722, val=-0.774, adv=-0.113
2020-06-25 12:41:10 INFO (ppo.py:237) n=29760: loss=0.982, entropy=1.844, val=-1.12, adv=0.212
2020-06-25 12:41:12 INFO (ppo.py:237) n=30720: loss=0.475, entropy=1.754, val=-1.31, adv=-0.156
2020-06-25 12:41:13 INFO (env_wrappers.py:236) 
- name: append-still-easy
  episode: 24
  length: 944
  reward: 13
  performance: [4, 22, 0.01]
  impact_penalty: 0
  side effects:
    life-green: [22.20, 30.00]
    crate-gray: [5.25, 33.00]
    life-gray: [8.00, 0.00]
2020-06-25 12:41:14 INFO (ppo.py:237) n=31680: loss=0.344, entropy=1.862, val=-1.24, adv=0.103
2020-06-25 12:41:15 INFO (env_wrappers.py:236) 
- name: append-still-easy
  episode: 17
  length: 1001
  reward: 0
  performance: [0, 19, 0.01]
  impact_penalty: 0
  side effects:
    life-green: [23.66, 37.00]
    crate-gray: [3.92, 21.00]
    life-gray: [8.00, 0.00]
2020-06-25 12:41:15 INFO (env_wrappers.py:236) 
- name: append-still-easy
  episode: 18
  length: 1001
  reward: 0
  performance: [0, 22, 0.01]
  impact_penalty: 0
  side effects:
    life-green: [31.00, 34.00]
    crate-gray: [5.46, 31.00]
2020-06-25 12:41:15 INFO (env_wrappers.py:236) 
- name: append-still-easy
  episode: 19
  length: 1001
  reward: 0
  performance: [0, 34, 0.01]
  impact_penalty: 0
  side effects:
    life-green: [12.82, 15.00]
    crate-gray: [5.55, 41.00]
    life-gray: [17.21, 0.00]
2020-06-25 12:41:15 INFO (env_wrappers.py:236) 
- name: append-still-easy
  episode: 20
  length: 1001
  reward: 3
  performance: [1, 33, 0.01]
  impact_penalty: 0
  side effects:
    life-green: [0.00, 7.00]
    crate-gray: [7.42, 47.00]
    life-gray: [13.00, 0.00]
2020-06-25 12:41:15 INFO (env_wrappers.py:236) 
- name: append-still-easy
  episode: 22
  length: 1001
  reward: 3
  performance: [1, 30, 0.01]
  impact_penalty: 0
  side effects:
    life-green: [11.29, 15.00]
    crate-gray: [7.27, 45.00]
    life-gray: [10.00, 0.00]
2020-06-25 12:41:15 INFO (env_wrappers.py:236) 
- name: append-still-easy
  episode: 23
  length: 1001
  reward: 0
  performance: [0, 40, 0.01]
  impact_penalty: 0
  side effects:
    life-green: [10.08, 15.00]
    crate-gray: [6.25, 40.00]
    life-gray: [24.00, 0.00]
2020-06-25 12:41:15 INFO (env_wrappers.py:236) 
- name: append-still-easy
  episode: 25
  length: 1001
  reward: 3
  performance: [1, 19, 0.01]
  impact_penalty: 0
  side effects:
    life-green: [34.76, 37.00]
    crate-gray: [5.79, 21.00]
    life-gray: [11.00, 0.00]
2020-06-25 12:41:15 INFO (env_wrappers.py:236) 
- name: append-still-easy
  episode: 26
  length: 1001
  reward: 0
  performance: [0, 22, 0.01]
  impact_penalty: 0
  side effects:
    life-green: [28.07, 34.00]
    crate-gray: [7.51, 31.00]
    life-gray: [9.00, 0.00]
2020-06-25 12:41:16 INFO (env_wrappers.py:236) 
- name: append-still-easy
  episode: 27
  length: 1001
  reward: 0
  performance: [0, 34, 0.01]
  impact_penalty: 0
  side effects:
    life-green: [12.23, 15.00]
    crate-gray: [10.05, 41.00]
    life-gray: [4.00, 0.00]
2020-06-25 12:41:16 INFO (env_wrappers.py:236) 
- name: append-still-easy
  episode: 28
  length: 1001
  reward: 0
  performance: [0, 33, 0.01]
  impact_penalty: 0
  side effects:
    life-green: [7.00, 7.00]
    crate-gray: [10.19, 47.00]
    life-gray: [4.00, 0.00]
2020-06-25 12:41:16 INFO (env_wrappers.py:236) 
- name: append-still-easy
  episode: 29
  length: 1001
  reward: 3
  performance: [1, 22, 0.01]
  impact_penalty: 0
  side effects:
    life-green: [11.98, 25.00]
    crate-gray: [4.88, 37.00]
    life-gray: [2.00, 0.00]
2020-06-25 12:41:16 INFO (env_wrappers.py:236) 
- name: append-still-easy
  episode: 31
  length: 1001
  reward: 0
  performance: [0, 40, 0.01]
  impact_penalty: 0
  side effects:
    life-green: [15.00, 15.00]
    crate-gray: [8.95, 40.00]
    life-gray: [7.00, 0.00]
2020-06-25 12:41:16 INFO (env_wrappers.py:236) 
- name: append-still-easy
  episode: 32
  length: 1001
  reward: 3
  performance: [1, 22, 0.01]
  impact_penalty: 0
  side effects:
    life-green: [21.26, 30.00]
    crate-gray: [5.98, 33.00]
    life-gray: [13.01, 0.00]
2020-06-25 12:41:18 INFO (ppo.py:237) n=32640: loss=0.902, entropy=1.910, val=-0.891, adv=-0.0487
2020-06-25 12:41:20 INFO (ppo.py:237) n=33600: loss=0.461, entropy=1.910, val=-1.04, adv=0.217
2020-06-25 12:41:22 INFO (ppo.py:237) n=34560: loss=0.274, entropy=1.786, val=-1.1, adv=-0.00501
2020-06-25 12:41:24 INFO (ppo.py:237) n=35520: loss=0.174, entropy=1.844, val=-1.01, adv=0.111
2020-06-25 12:41:24 INFO (env_wrappers.py:236) 
- name: append-still-easy
  episode: 33
  length: 646
  reward: 4
  performance: [1, 19, 0.01]
  impact_penalty: 0
  side effects:
    life-green: [29.00, 37.00]
    crate-gray: [1.45, 21.00]
    life-gray: [3.00, 0.00]
2020-06-25 12:41:26 INFO (ppo.py:237) n=36480: loss=1.07, entropy=1.815, val=-0.784, adv=0.0919
2020-06-25 12:41:28 INFO (ppo.py:237) n=37440: loss=3.07, entropy=1.535, val=-0.739, adv=0.422
2020-06-25 12:41:28 INFO (env_wrappers.py:236) 
- name: append-still-easy
  episode: 40
  length: 351
  reward: 10
  performance: [3, 22, 0.01]
  impact_penalty: 0
  side effects:
    life-green: [14.75, 30.00]
    crate-gray: [0.38, 33.00]
    life-gray: [3.00, 0.00]
2020-06-25 12:41:28 INFO (env_wrappers.py:122) Starting video: training-episode-50-37638.mp4
2020-06-25 12:41:30 INFO (ppo.py:237) n=38400: loss=0.196, entropy=1.565, val=-0.815, adv=-0.253
2020-06-25 12:41:33 INFO (ppo.py:237) n=39360: loss=0.601, entropy=1.560, val=-1.16, adv=0.145
2020-06-25 12:41:35 INFO (ppo.py:237) n=40320: loss=0.386, entropy=1.698, val=-0.998, adv=0.187
2020-06-25 12:41:38 INFO (ppo.py:237) n=41280: loss=0.161, entropy=1.748, val=-0.947, adv=-0.0015
2020-06-25 12:41:40 INFO (env_wrappers.py:236) 
- name: append-still-easy
  episode: 50
  length: 265
  reward: 4
  performance: [1, 22, 0.01]
  impact_penalty: 0
  side effects:
    life-green: [19.55, 34.00]
    crate-gray: [3.51, 31.00]
    life-gray: [5.00, 0.00]
2020-06-25 12:41:40 INFO (env_wrappers.py:146) Ending video: training-episode-50-37638.mp4
2020-06-25 12:41:40 INFO (env_wrappers.py:236) 
- name: append-still-easy
  episode: 34
  length: 1001
  reward: 15
  performance: [5, 22, 0.01]
  impact_penalty: 0
  side effects:
    life-green: [28.94, 34.00]
    crate-gray: [5.96, 31.00]
    life-gray: [22.00, 0.00]
2020-06-25 12:41:41 INFO (ppo.py:237) n=42240: loss=0.362, entropy=1.640, val=-0.886, adv=0.105
2020-06-25 12:41:43 INFO (ppo.py:237) n=43200: loss=0.196, entropy=1.557, val=-0.942, adv=0.0838
2020-06-25 12:41:45 INFO (ppo.py:237) n=44160: loss=1.25, entropy=1.607, val=-0.925, adv=-0.314
2020-06-25 12:41:47 INFO (ppo.py:237) n=45120: loss=0.52, entropy=1.693, val=-0.886, adv=-0.0742
2020-06-25 12:41:49 INFO (ppo.py:237) n=46080: loss=0.103, entropy=1.535, val=-1.1, adv=-0.164
2020-06-25 12:41:51 INFO (ppo.py:237) n=47040: loss=0.127, entropy=1.647, val=-1.07, adv=-0.0106
2020-06-25 12:41:51 INFO (env_wrappers.py:236) 
- name: append-still-easy
  episode: 35
  length: 1001
  reward: 0
  performance: [0, 34, 0.01]
  impact_penalty: 0
  side effects:
    life-green: [15.00, 15.00]
    crate-gray: [7.11, 41.00]
2020-06-25 12:41:53 INFO (ppo.py:237) n=48000: loss=0.267, entropy=1.788, val=-0.887, adv=-0.0351
2020-06-25 12:41:54 INFO (env_wrappers.py:236) 
- name: append-still-easy
  episode: 36
  length: 1001
  reward: 0
  performance: [0, 33, 0.01]
  impact_penalty: 0
  side effects:
    life-green: [4.91, 7.00]
    crate-gray: [7.61, 47.00]
    life-gray: [3.02, 0.00]
2020-06-25 12:41:54 INFO (env_wrappers.py:236) 
- name: append-still-easy
  episode: 37
  length: 1001
  reward: 0
  performance: [0, 22, 0.01]
  impact_penalty: 0
  side effects:
    life-green: [7.14, 25.00]
    crate-gray: [6.53, 37.00]
2020-06-25 12:41:54 INFO (env_wrappers.py:236) 
- name: append-still-easy
  episode: 38
  length: 1001
  reward: 6
  performance: [2, 30, 0.01]
  impact_penalty: 0
  side effects:
    life-green: [9.56, 15.00]
    crate-gray: [9.22, 45.00]
    life-gray: [9.00, 0.00]
2020-06-25 12:41:54 INFO (env_wrappers.py:236) 
- name: append-still-easy
  episode: 39
  length: 1001
  reward: 0
  performance: [0, 40, 0.01]
  impact_penalty: 0
  side effects:
    life-green: [11.73, 15.00]
    crate-gray: [7.84, 40.00]
    life-gray: [1.00, 0.00]
2020-06-25 12:41:54 INFO (env_wrappers.py:236) 
- name: append-still-easy
  episode: 41
  length: 1001
  reward: 3
  performance: [1, 19, 0.01]
  impact_penalty: 0
  side effects:
    life-green: [32.38, 37.00]
    crate-gray: [5.68, 21.00]
    life-gray: [25.00, 0.00]
2020-06-25 12:41:54 INFO (env_wrappers.py:236) 
- name: append-still-easy
  episode: 42
  length: 1001
  reward: 0
  performance: [0, 22, 0.01]
  impact_penalty: 0
  side effects:
    life-green: [27.16, 34.00]
    crate-gray: [5.28, 31.00]
    life-gray: [1.00, 0.00]
2020-06-25 12:41:54 INFO (env_wrappers.py:236) 
- name: append-still-easy
  episode: 43
  length: 1001
  reward: 0
  performance: [0, 34, 0.01]
  impact_penalty: 0
  side effects:
    life-green: [4.00, 15.00]
    crate-gray: [9.24, 41.00]
    life-gray: [3.00, 0.00]
2020-06-25 12:41:54 INFO (env_wrappers.py:236) 
- name: append-still-easy
  episode: 44
  length: 1001
  reward: 0
  performance: [0, 33, 0.01]
  impact_penalty: 0
  side effects:
    life-green: [4.58, 7.00]
    crate-gray: [7.67, 47.00]
    life-gray: [8.00, 0.00]
2020-06-25 12:41:54 INFO (env_wrappers.py:236) 
- name: append-still-easy
  episode: 45
  length: 1001
  reward: 0
  performance: [0, 22, 0.01]
  impact_penalty: 0
  side effects:
    life-green: [13.27, 25.00]
    crate-gray: [3.55, 37.00]
    life-gray: [8.00, 0.00]
2020-06-25 12:41:55 INFO (env_wrappers.py:236) 
- name: append-still-easy
  episode: 46
  length: 1001
  reward: 0
  performance: [0, 30, 0.01]
  impact_penalty: 0
  side effects:
    life-green: [13.24, 15.00]
    crate-gray: [8.10, 45.00]
    life-gray: [4.00, 0.00]
2020-06-25 12:41:55 INFO (env_wrappers.py:236) 
- name: append-still-easy
  episode: 47
  length: 1001
  reward: 0
  performance: [0, 40, 0.01]
  impact_penalty: 0
  side effects:
    life-green: [15.00, 15.00]
    crate-gray: [6.91, 40.00]
    life-gray: [1.00, 0.00]
2020-06-25 12:41:55 INFO (env_wrappers.py:236) 
- name: append-still-easy
  episode: 48
  length: 1001
  reward: 0
  performance: [0, 22, 0.01]
  impact_penalty: 0
  side effects:
    life-green: [28.02, 30.00]
    crate-gray: [3.51, 33.00]
2020-06-25 12:41:57 INFO (ppo.py:237) n=48960: loss=1.08, entropy=1.876, val=-0.596, adv=0.1
2020-06-25 12:41:59 INFO (ppo.py:237) n=49920: loss=0.133, entropy=1.683, val=-0.648, adv=-0.0956
